<?xml version="1.0" encoding="UTF-8"?>
<!-- Generated by org.testng.reporters.JUnitXMLReporter -->
<testsuite ignored="5" hostname="DESKTOP-S8BPSDO" failures="2" tests="3" name="Doctor Registration - Firefox" time="121.703" errors="0" timestamp="2025-04-30T21:23:32 IST">
  <testcase classname="Livestock_1962Application.Livestock_1962.Registration_Module" name="@AfterTest Teardown" time="-1.746028396946E9">
    <failure type="org.testng.TestNGException" message="
Parameter &amp;apos;sleeptime&amp;apos; is required by AfterTest on method Teardown but has not been marked @Optional or defined
in D:\Hari prasad_Documents\Automation_code\eclipse\Livestock_1962\src\test\resources\TestNG_Annotations\HospitalRegistration.xml">
      <![CDATA[org.testng.TestNGException: 
Parameter 'sleeptime' is required by AfterTest on method Teardown but has not been marked @Optional or defined
in D:\Hari prasad_Documents\Automation_code\eclipse\Livestock_1962\src\test\resources\TestNG_Annotations\HospitalRegistration.xml
at java.base/java.util.concurrent.FutureTask.run(FutureTask.java:317)
at java.base/java.util.concurrent.ThreadPoolExecutor.runWorker(ThreadPoolExecutor.java:1144)
at java.base/java.util.concurrent.ThreadPoolExecutor$Worker.run(ThreadPoolExecutor.java:642)
at java.base/java.lang.Thread.run(Thread.java:1575)
... Removed 12 stack frames]]>
    </failure>
  </testcase> <!-- @AfterTest Teardown -->
  <testcase classname="Livestock_1962Application.Livestock_1962.Registration_Module" name="@AfterTest Teardown" time="-1.746028412048E9">
    <failure type="org.testng.TestNGException" message="
Parameter &amp;apos;sleeptime&amp;apos; is required by AfterTest on method Teardown but has not been marked @Optional or defined
in D:\Hari prasad_Documents\Automation_code\eclipse\Livestock_1962\src\test\resources\TestNG_Annotations\HospitalRegistration.xml">
      <![CDATA[org.testng.TestNGException: 
Parameter 'sleeptime' is required by AfterTest on method Teardown but has not been marked @Optional or defined
in D:\Hari prasad_Documents\Automation_code\eclipse\Livestock_1962\src\test\resources\TestNG_Annotations\HospitalRegistration.xml
at java.base/java.util.concurrent.FutureTask.run(FutureTask.java:317)
at java.base/java.util.concurrent.ThreadPoolExecutor.runWorker(ThreadPoolExecutor.java:1144)
at java.base/java.util.concurrent.ThreadPoolExecutor$Worker.run(ThreadPoolExecutor.java:642)
at java.base/java.lang.Thread.run(Thread.java:1575)
... Removed 12 stack frames]]>
    </failure>
  </testcase> <!-- @AfterTest Teardown -->
  <testcase classname="Livestock_1962Application.Livestock_1962.Registration_Module" name="LaunchUrl" time="95.139"/>
  <testcase classname="Livestock_1962Application.Livestock_1962.Registration_Module" name="LoginDetails" time="12.866">
    <failure type="org.openqa.selenium.TimeoutException" message="Expected condition failed: waiting for element to be clickable: By.xpath: //a[@href=&amp;apos;#m-4&amp;apos;] (tried for 10 second(s) with 500 milliseconds interval)
Build info: version: &amp;apos;4.28.1&amp;apos;, revision: &amp;apos;73f5ad48a2&amp;apos;
System info: os.name: &amp;apos;Windows 11&amp;apos;, os.arch: &amp;apos;amd64&amp;apos;, os.version: &amp;apos;10.0&amp;apos;, java.version: &amp;apos;23.0.1&amp;apos;
Driver info: org.openqa.selenium.firefox.FirefoxDriver
Capabilities {acceptInsecureCerts: true, browserName: firefox, browserVersion: 137.0.2, moz:accessibilityChecks: false, moz:buildID: 20250414091429, moz:debuggerAddress: 127.0.0.1:28807, moz:geckodriverVersion: 0.36.0, moz:headless: false, moz:platformVersion: 10.0, moz:processID: 18736, moz:profile: C:\Users\HARIPR~1\AppData\L..., moz:shutdownTimeout: 60000, moz:webdriverClick: true, moz:windowless: false, pageLoadStrategy: normal, platformName: windows, proxy: Proxy(), se:cdp: ws://127.0.0.1:28807/devtoo..., se:cdpVersion: 85.0, setWindowRect: true, strictFileInteractability: false, timeouts: {implicit: 0, pageLoad: 300000, script: 30000}, unhandledPromptBehavior: dismiss and notify, userAgent: Mozilla/5.0 (Windows NT 10....}
Session ID: a9e5782b-68fd-4646-b531-8a794ad25a89">
      <![CDATA[org.openqa.selenium.TimeoutException: Expected condition failed: waiting for element to be clickable: By.xpath: //a[@href='#m-4'] (tried for 10 second(s) with 500 milliseconds interval)
Build info: version: '4.28.1', revision: '73f5ad48a2'
System info: os.name: 'Windows 11', os.arch: 'amd64', os.version: '10.0', java.version: '23.0.1'
Driver info: org.openqa.selenium.firefox.FirefoxDriver
Capabilities {acceptInsecureCerts: true, browserName: firefox, browserVersion: 137.0.2, moz:accessibilityChecks: false, moz:buildID: 20250414091429, moz:debuggerAddress: 127.0.0.1:28807, moz:geckodriverVersion: 0.36.0, moz:headless: false, moz:platformVersion: 10.0, moz:processID: 18736, moz:profile: C:\Users\HARIPR~1\AppData\L..., moz:shutdownTimeout: 60000, moz:webdriverClick: true, moz:windowless: false, pageLoadStrategy: normal, platformName: windows, proxy: Proxy(), se:cdp: ws://127.0.0.1:28807/devtoo..., se:cdpVersion: 85.0, setWindowRect: true, strictFileInteractability: false, timeouts: {implicit: 0, pageLoad: 300000, script: 30000}, unhandledPromptBehavior: dismiss and notify, userAgent: Mozilla/5.0 (Windows NT 10....}
Session ID: a9e5782b-68fd-4646-b531-8a794ad25a89
at org.openqa.selenium.support.ui.WebDriverWait.timeoutException(WebDriverWait.java:84)
at org.openqa.selenium.support.ui.FluentWait.until(FluentWait.java:228)
at Livestock_1962Application.Livestock_1962.Registration_Module.LoginDetails(Registration_Module.java:83)
at java.base/java.util.ArrayList.forEach(ArrayList.java:1597)
at java.base/java.util.concurrent.FutureTask.run(FutureTask.java:317)
at java.base/java.util.concurrent.ThreadPoolExecutor.runWorker(ThreadPoolExecutor.java:1144)
at java.base/java.util.concurrent.ThreadPoolExecutor$Worker.run(ThreadPoolExecutor.java:642)
at java.base/java.lang.Thread.run(Thread.java:1575)
... Removed 16 stack frames]]>
    </failure>
  </testcase> <!-- LoginDetails -->
  <testcase classname="Livestock_1962Application.Livestock_1962.Registration_Module" name="DoctorRegistration" time="0.0">
    <failure type="org.testng.TestNGException" message="
Parameter &amp;apos;HospitalName&amp;apos; is required by @Test on method DoctorRegistration but has not been marked @Optional or defined
in D:\Hari prasad_Documents\Automation_code\eclipse\Livestock_1962\src\test\resources\TestNG_Annotations\HospitalRegistration.xml">
      <![CDATA[org.testng.TestNGException: 
Parameter 'HospitalName' is required by @Test on method DoctorRegistration but has not been marked @Optional or defined
in D:\Hari prasad_Documents\Automation_code\eclipse\Livestock_1962\src\test\resources\TestNG_Annotations\HospitalRegistration.xml
at java.base/java.util.ArrayList.forEach(ArrayList.java:1597)
at java.base/java.util.concurrent.FutureTask.run(FutureTask.java:317)
at java.base/java.util.concurrent.ThreadPoolExecutor.runWorker(ThreadPoolExecutor.java:1144)
at java.base/java.util.concurrent.ThreadPoolExecutor$Worker.run(ThreadPoolExecutor.java:642)
at java.base/java.lang.Thread.run(Thread.java:1575)
... Removed 17 stack frames]]>
    </failure>
  </testcase> <!-- DoctorRegistration -->
  <testcase classname="Livestock_1962Application.Livestock_1962.Registration_Module" name="CampRegistration" time="0.0">
    <ignored/>
  </testcase> <!-- CampRegistration -->
  <testcase classname="Livestock_1962Application.Livestock_1962.Registration_Module" name="HCWRegistration" time="0.0">
    <ignored/>
  </testcase> <!-- HCWRegistration -->
  <testcase classname="Livestock_1962Application.Livestock_1962.Registration_Module" name="DriverRegistration" time="0.0">
    <ignored/>
  </testcase> <!-- DriverRegistration -->
  <testcase classname="Livestock_1962Application.Livestock_1962.Registration_Module" name="VLDAregistration" time="0.0">
    <ignored/>
  </testcase> <!-- VLDAregistration -->
  <testcase classname="Livestock_1962Application.Livestock_1962.Registration_Module" name="HospitalRegistrationScreen" time="0.0">
    <ignored/>
  </testcase> <!-- HospitalRegistrationScreen -->
</testsuite> <!-- Doctor Registration - Firefox -->
