<?xml version="1.0" encoding="UTF-8"?>
<!-- Generated by org.testng.reporters.JUnitXMLReporter -->
<testsuite ignored="5" hostname="DESKTOP-S8BPSDO" failures="1" tests="3" name="Doctor Registration" time="66.505" errors="0" timestamp="2025-04-28T21:00:12 IST">
  <testcase classname="Livestock_1962Application.Livestock_1962.Registration_Module" name="LaunchUrl" time="49.261"/>
  <testcase classname="Livestock_1962Application.Livestock_1962.Registration_Module" name="LoginDetails" time="10.212"/>
  <testcase classname="Livestock_1962Application.Livestock_1962.Registration_Module" name="DoctorRegistration" time="0.0">
    <failure type="org.testng.TestNGException" message="
Parameter &amp;apos;RegistraionExpiryDate&amp;apos; is required by @Test on method DoctorRegistration but has not been marked @Optional or defined
in D:\Hari prasad_Documents\Automation_code\eclipse\Livestock_1962\src\test\resources\TestNG_Annotations\RegistrationModule.xml">
      <![CDATA[org.testng.TestNGException: 
Parameter 'RegistraionExpiryDate' is required by @Test on method DoctorRegistration but has not been marked @Optional or defined
in D:\Hari prasad_Documents\Automation_code\eclipse\Livestock_1962\src\test\resources\TestNG_Annotations\RegistrationModule.xml
at java.base/java.util.ArrayList.forEach(ArrayList.java:1597)
at java.base/java.util.concurrent.FutureTask.run(FutureTask.java:317)
at java.base/java.util.concurrent.ThreadPoolExecutor.runWorker(ThreadPoolExecutor.java:1144)
at java.base/java.util.concurrent.ThreadPoolExecutor$Worker.run(ThreadPoolExecutor.java:642)
at java.base/java.lang.Thread.run(Thread.java:1575)
... Removed 17 stack frames]]>
    </failure>
  </testcase> <!-- DoctorRegistration -->
  <testcase classname="Livestock_1962Application.Livestock_1962.Registration_Module" name="CampRegistration" time="0.0">
    <ignored/>
  </testcase> <!-- CampRegistration -->
  <testcase classname="Livestock_1962Application.Livestock_1962.Registration_Module" name="HCWRegistration" time="0.0">
    <ignored/>
  </testcase> <!-- HCWRegistration -->
  <testcase classname="Livestock_1962Application.Livestock_1962.Registration_Module" name="DriverRegistration" time="0.0">
    <ignored/>
  </testcase> <!-- DriverRegistration -->
  <testcase classname="Livestock_1962Application.Livestock_1962.Registration_Module" name="VLDAregistration" time="0.0">
    <ignored/>
  </testcase> <!-- VLDAregistration -->
  <testcase classname="Livestock_1962Application.Livestock_1962.Registration_Module" name="HospitalRegistrationScreen" time="0.0">
    <ignored/>
  </testcase> <!-- HospitalRegistrationScreen -->
</testsuite> <!-- Doctor Registration -->
